\BOOKMARK [0][-]{section*.2}{\376\377\144\130\211\201}{}% 1
\BOOKMARK [0][-]{chapter.4}{\376\377\225\356\230\230\133\374\124\021}{}% 2
\BOOKMARK [0][-]{chapter.6}{\376\377\154\342\140\151\000-\131\145\147\054\155\167\236\330\217\321\117\074\000\040\000\050\000B\000o\000r\000n\000-\000O\000p\000p\000e\000n\000h\000e\000i\000m\000e\000r\000\040\000A\000p\000p\000r\000o\000x\000i\000m\000a\000t\000i\000o\000n\000\051}{}% 3
\BOOKMARK [0][-]{chapter.8}{\376\377\146\166\150\074\143\057\122\250\000\040\000\050\000L\000a\000t\000t\000i\000c\000e\000\040\000V\000i\000b\000r\000a\000t\000i\000o\000n\000\051}{}% 4
\BOOKMARK [1][-]{section.9}{\376\377\116\000\176\364\123\125\123\237\133\120\224\376\000\040\000\050\0001\000D\000\040\000M\000o\000n\000o\000a\000t\000o\000m\000i\000c\000\040\000C\000h\000a\000i\000n\000\051}{chapter.8}% 5
\BOOKMARK [2][-]{subsection.12}{\376\377\217\320\122\250\145\271\172\013\000\040\000\050\000E\000q\000u\000a\000t\000i\000o\000n\000\040\000o\000f\000\040\000M\000o\000t\000i\000o\000n\000\051}{section.9}% 6
\BOOKMARK [2][-]{subsection.17}{\376\377\154\342\140\151\000-\123\141\225\350\217\271\165\114\147\141\116\366\000\040\000\050\000B\000o\000r\000n\000-\000K\000a\000r\000m\000a\000n\000\040\000B\000o\000u\000n\000d\000a\000r\000y\000\040\000C\000o\000n\000d\000i\000t\000i\000o\000n\000\051}{section.9}% 7
\BOOKMARK [2][-]{subsection.21}{\376\377\202\162\145\143\121\163\174\373\000\040\000\050\000D\000i\000s\000p\000e\000r\000s\000i\000o\000n\000\040\000R\000e\000l\000a\000t\000i\000o\000n\000\051}{section.9}% 8
\BOOKMARK [2][-]{subsection.27}{\376\377\150\074\154\342\000\040\000\050\000L\000a\000t\000t\000i\000c\000e\000\040\000W\000a\000v\000e\000s\000\051}{section.9}% 9
\BOOKMARK [1][-]{section.31}{\376\377\116\000\176\364\123\314\123\237\133\120\224\376\000\040\000\050\0001\000D\000\040\000D\000i\000a\000t\000o\000m\000i\000c\000\040\000C\000h\000a\000i\000n\000\051}{chapter.8}% 10
\BOOKMARK [2][-]{subsection.33}{\376\377\217\320\122\250\145\271\172\013\000\040\000\050\000E\000q\000u\000a\000t\000i\000o\000n\000\040\000o\000f\000\040\000M\000o\000t\000i\000o\000n\000\051}{section.31}% 11
\BOOKMARK [2][-]{subsection.43}{\376\377\202\162\145\143\121\163\174\373\000\040\000\050\000D\000i\000s\000p\000e\000r\000s\000i\000o\000n\000\040\000R\000e\000l\000a\000t\000i\000o\000n\000\051}{section.31}% 12
\BOOKMARK [2][-]{subsection.49}{\376\377\150\074\154\342\000\040\000\050\000L\000a\000t\000t\000i\000c\000e\000\040\000W\000a\000v\000e\000s\000\051}{section.31}% 13
\BOOKMARK [1][-]{section.52}{\376\377\116\011\176\364\146\166\117\123\000\040\000\050\0003\000D\000\040\000C\000r\000y\000s\000t\000a\000l\000\051}{chapter.8}% 14
\BOOKMARK [1][-]{section.55}{\376\377\150\074\154\342\166\204\221\317\133\120\123\026\000\040\000\050\000Q\000u\000a\000n\000t\000i\000z\000a\000t\000i\000o\000n\000\040\000o\000f\000\040\000L\000a\000t\000t\000i\000c\000e\000\040\000W\000a\000v\000e\000s\000\051}{chapter.8}% 15
\BOOKMARK [2][-]{subsection.56}{\376\377\143\057\122\250\152\041\137\017\124\214\214\020\143\057\133\120\166\204\173\111\116\367\140\047\000\040\000\050\000E\000q\000u\000i\000v\000a\000l\000e\000n\000c\000e\000\040\000B\000e\000t\000w\000e\000e\000n\000\040\000A\000\040\000V\000i\000b\000r\000a\000t\000i\000o\000n\000\040\000M\000o\000d\000e\000\040\000a\000n\000d\000\040\000A\000\040\000H\000a\000r\000m\000o\000n\000i\000c\000\040\000O\000s\000c\000i\000l\000l\000a\000t\000o\000r\000\051}{section.55}% 16
\BOOKMARK [2][-]{subsection.65}{\376\377\130\360\133\120\000\040\000\050\000P\000h\000o\000n\000o\000n\000\051}{section.55}% 17
\BOOKMARK [2][-]{subsection.73}{\376\377\146\166\150\074\143\057\122\250\200\375\221\317\000\040\000\050\000L\000a\000t\000t\000i\000c\000e\000\040\000V\000i\000b\000r\000a\000t\000i\000o\000n\000\040\000E\000n\000e\000r\000g\000y\000\051}{section.55}% 18
\BOOKMARK [2][-]{subsection.78}{\376\377\140\001\133\306\136\246\000\040\000\050\000D\000e\000n\000s\000i\000t\000y\000\040\000o\000f\000\040\000S\000t\000a\000t\000e\000s\000\051}{section.55}% 19
\BOOKMARK [0][-]{chapter.87}{\376\377\130\360\133\120\160\355\133\271\000\040\000\050\000P\000h\000o\000n\000o\000n\000\040\000H\000e\000a\000t\000\040\000C\000a\000p\000a\000c\000i\000t\000y\000\051}{}% 20
\BOOKMARK [1][-]{section.93}{\376\377\147\134\226\206\000-\163\300\204\202\133\232\137\213\000\040\000\050\000D\000u\000l\000o\000n\000g\000\040\000P\000e\000t\000i\000t\000\040\000L\000a\000w\000\051}{chapter.87}% 21
\BOOKMARK [2][-]{subsection.94}{\376\377\200\375\221\317\127\107\122\006\133\146\213\364\000\040\000\050\000E\000n\000e\000r\000g\000y\000\040\000E\000q\000u\000i\000p\000a\000r\000t\000i\000t\000i\000o\000n\000\040\000T\000h\000e\000o\000r\000e\000m\000\051}{section.93}% 22
\BOOKMARK [2][-]{subsection.99}{\376\377\164\006\140\363\154\024\117\123\160\355\133\271\000\040\000\050\000H\000e\000a\000t\000\040\000C\000a\000p\000a\000c\000i\000t\000y\000\040\000o\000f\000\040\000I\000d\000e\000a\000l\000\040\000G\000a\000s\000\051}{section.93}% 23
\BOOKMARK [2][-]{subsection.104}{\376\377\126\372\117\123\160\355\133\271\000\040\000\050\000H\000e\000a\000t\000\040\000C\000a\000p\000a\000c\000i\000t\000y\000\040\000o\000f\000\040\000S\000o\000l\000i\000d\000\051}{section.93}% 24
\BOOKMARK [1][-]{section.108}{\376\377\162\061\126\340\145\257\127\146\160\355\133\271\152\041\127\213\000\040\000\050\000E\000i\000n\000s\000t\000e\000i\000n\000\040\000H\000e\000a\000t\000\040\000C\000a\000p\000a\000c\000i\000t\000y\000\040\000M\000o\000d\000e\000l\000\051}{chapter.87}% 25
\BOOKMARK [2][-]{subsection.109}{\376\377\120\107\213\276\000\040\000\050\000A\000s\000s\000u\000m\000p\000t\000i\000o\000n\000\051}{section.108}% 26
\BOOKMARK [2][-]{subsection.113}{\376\377\176\323\147\234\000\040\000\050\000R\000e\000s\000u\000l\000t\000s\000\051}{section.108}% 27
\BOOKMARK [2][-]{subsection.119}{\376\377\225\356\230\230\000\040\000\050\000P\000r\000o\000b\000l\000e\000m\000\051}{section.108}% 28
\BOOKMARK [1][-]{section.120}{\376\377\137\267\142\334\160\355\133\271\152\041\127\213\000\040\000\050\000D\000e\000b\000y\000e\000\040\000H\000e\000a\000t\000\040\000C\000a\000p\000a\000c\000i\000t\000y\000\040\000M\000o\000d\000e\000l\000\051}{chapter.87}% 29
\BOOKMARK [2][-]{subsection.121}{\376\377\120\107\213\276\000\040\000\050\000A\000s\000s\000u\000m\000p\000t\000i\000o\000n\000\051}{section.120}% 30
\BOOKMARK [2][-]{subsection.123}{\376\377\131\004\164\006\000\040\000\050\000M\000e\000t\000h\000o\000d\000s\000\040\000o\000f\000\040\000D\000e\000b\000y\000e\000\040\000M\000o\000d\000e\000l\000\051}{section.120}% 31
\BOOKMARK [2][-]{subsection.132}{\376\377\176\323\147\234\000\040\000\050\000R\000e\000s\000u\000l\000t\000s\000\051}{section.120}% 32
\BOOKMARK [0][-]{chapter.136}{\376\377\133\146\116\140\137\303\137\227}{}% 33
\BOOKMARK [0][-]{section*.137}{\376\377\123\302\200\003\145\207\163\056}{}% 34
